{"level":"info","message":"Database connection established","timestamp":"2025-08-26T02:22:07.433Z"}
{"level":"info","message":"Database connection validated successfully","timestamp":"2025-08-26T02:22:07.462Z"}
{"level":"info","message":"Database connection established","timestamp":"2025-08-26T02:28:41.925Z"}
{"level":"info","message":"Database connection validated successfully","timestamp":"2025-08-26T02:28:41.952Z"}
{"db":{"database":"user_service_db","host":"localhost","port":5432,"user":"postgres"},"level":"info","message":"Database connection established","timestamp":"2025-08-26T02:28:46.012Z"}
{"db":{"database":"user_service_db","host":"localhost","port":5432,"user":"postgres"},"level":"info","message":"Database connection validated successfully","timestamp":"2025-08-26T02:28:46.034Z"}
{"db":{"database":"user_service_db","host":"localhost","port":5432,"user":"postgres"},"level":"info","message":"Database connection established","timestamp":"2025-08-26T02:38:07.135Z"}
{"db":{"database":"user_service_db","host":"localhost","port":5432,"user":"postgres"},"level":"info","message":"Database connection validated successfully","timestamp":"2025-08-26T02:38:07.184Z"}
{"db":{"database":"user_service_db","host":"localhost","port":5432,"user":"postgres"},"level":"info","message":"Database connection established","timestamp":"2025-08-26T02:38:12.454Z"}
{"db":{"database":"user_service_db","host":"localhost","port":5432,"user":"postgres"},"level":"info","message":"Database connection validated successfully","timestamp":"2025-08-26T02:38:12.458Z"}
{"db":{"database":"user_service_db","host":"localhost","port":5432,"user":"postgres"},"level":"info","message":"Database connection established","timestamp":"2025-08-26T03:09:17.019Z"}
{"db":{"database":"user_service_db","host":"localhost","port":5432,"user":"postgres"},"level":"info","message":"Database connection validated successfully","timestamp":"2025-08-26T03:09:17.028Z"}
{"db":{"database":"user_service_db","host":"localhost","port":5432,"user":"postgres"},"level":"info","message":"Database connection established","timestamp":"2025-08-26T03:20:31.590Z"}
{"db":{"database":"user_service_db","host":"localhost","port":5432,"user":"postgres"},"level":"info","message":"Database connection established","timestamp":"2025-08-26T03:21:48.955Z"}
{"db":{"database":"user_service_db","host":"localhost","port":5432,"user":"postgres"},"level":"info","message":"Database connection validated successfully","timestamp":"2025-08-26T03:21:49.297Z"}
{"db":{"database":"user_service_db","host":"localhost","port":5432,"user":"postgres"},"level":"info","message":"Database connection established","timestamp":"2025-08-26T04:16:21.625Z"}
{"db":{"database":"user_service_db","host":"localhost","port":5432,"user":"postgres"},"level":"info","message":"Database connection established","timestamp":"2025-08-26T04:24:51.671Z"}
{"db":{"database":"user_service_db","host":"localhost","port":5432,"user":"postgres"},"level":"info","message":"Database connection validated successfully","timestamp":"2025-08-26T04:24:51.676Z"}
{"db":{"database":"user_service_db","host":"localhost","port":5432,"user":"postgres"},"level":"info","message":"Database connection established","timestamp":"2025-08-29T08:16:48.570Z"}
{"db":{"database":"user_service_db","host":"localhost","port":5432,"user":"postgres"},"level":"info","message":"Database connection validated successfully","timestamp":"2025-08-29T08:16:48.575Z"}
{"db":{"database":"user_service_db","host":"localhost","port":5432,"user":"postgres"},"level":"info","message":"Database connection established","timestamp":"2025-08-29T08:23:17.286Z"}
{"db":{"database":"user_service_db","host":"localhost","port":5432,"user":"postgres"},"level":"info","message":"Database connection established","timestamp":"2025-08-29T08:35:13.086Z"}
{"db":{"database":"user_service_db","host":"localhost","port":5432,"user":"postgres"},"level":"info","message":"Database connection validated successfully","timestamp":"2025-08-29T08:35:13.091Z"}
{"db":{"database":"user_service_db","host":"localhost","port":5432,"user":"postgres"},"level":"info","message":"Database connection established","timestamp":"2025-08-29T08:35:48.224Z"}
{"db":{"database":"user_service_db","host":"localhost","port":5432,"user":"postgres"},"level":"info","message":"Database connection validated successfully","timestamp":"2025-08-29T08:35:48.230Z"}
{"db":{"database":"user_service_db","host":"localhost","port":5432,"user":"postgres"},"level":"info","message":"Database connection established","timestamp":"2025-08-29T09:54:23.766Z"}
{"db":{"database":"user_service_db","host":"localhost","port":5432,"user":"postgres"},"level":"info","message":"Database connection established","timestamp":"2025-08-30T06:14:44.559Z"}
{"db":{"database":"user_service_db","host":"localhost","port":5432,"user":"postgres"},"level":"info","message":"Database connection validated successfully","timestamp":"2025-08-30T06:14:44.562Z"}
{"db":{"database":"user_service_db","host":"localhost","port":5432,"user":"postgres"},"level":"info","message":"Database connection established","timestamp":"2025-08-30T06:15:18.089Z"}
{"code":"ENOTFOUND","errno":-3008,"hostname":"dpg-d2pbtpd6ubrc73c5rog0-a","level":"error","message":"Error connecting to the database: getaddrinfo ENOTFOUND dpg-d2pbtpd6ubrc73c5rog0-a","stack":"Error: getaddrinfo ENOTFOUND dpg-d2pbtpd6ubrc73c5rog0-a\n    at E:\\Saas-service\\user-service\\node_modules\\pg-pool\\index.js:45:11\n    at processTicksAndRejections (node:internal/process/task_queues:105:5)\n    at validateConnection (E:\\Saas-service\\user-service\\src\\config\\database.ts:40:20)","syscall":"getaddrinfo","timestamp":"2025-08-30T11:27:04.823Z"}
{"code":"ECONNRESET","errno":-4077,"level":"error","message":"Error connecting to the database: read ECONNRESET","stack":"Error: read ECONNRESET\n    at E:\\Saas-service\\user-service\\node_modules\\pg-pool\\index.js:45:11\n    at processTicksAndRejections (node:internal/process/task_queues:105:5)\n    at validateConnection (E:\\Saas-service\\user-service\\src\\config\\database.ts:40:20)","syscall":"read","timestamp":"2025-08-30T11:29:10.322Z"}
{"code":"ECONNRESET","errno":-4077,"level":"error","message":"Error connecting to the database: read ECONNRESET","stack":"Error: read ECONNRESET\n    at E:\\Saas-service\\user-service\\node_modules\\pg-pool\\index.js:45:11\n    at processTicksAndRejections (node:internal/process/task_queues:105:5)\n    at validateConnection (E:\\Saas-service\\user-service\\src\\config\\database.ts:48:20)","syscall":"read","timestamp":"2025-08-30T11:44:32.334Z"}
{"code":"ECONNRESET","errno":-4077,"level":"error","message":"Error connecting to the database: read ECONNRESET","stack":"Error: read ECONNRESET\n    at E:\\Saas-service\\user-service\\node_modules\\pg-pool\\index.js:45:11\n    at processTicksAndRejections (node:internal/process/task_queues:105:5)\n    at validateConnection (E:\\Saas-service\\user-service\\src\\config\\database.ts:48:20)","syscall":"read","timestamp":"2025-08-30T11:45:16.250Z"}
{"db":{"database":"from connection string","host":"via connection string","port":"default","user":"from connection string"},"level":"info","message":"Database connection established","timestamp":"2025-08-30T11:52:32.220Z"}
{"level":"info","message":"Database connection validated successfully","timestamp":"2025-08-30T11:52:32.230Z"}
